<?xml version="1.0" encoding="UTF-8"?>
<testsuite name="challenge.gbm.SeleniumScriptUsingPOMTest" tests="1" skipped="0" failures="0" errors="0" timestamp="2020-08-25T15:49:21" hostname="LPC0VAS7XMEXPZ" time="20.882">
  <properties/>
  <testcase name="designAScriptWithSeleniumCommands" classname="challenge.gbm.SeleniumScriptUsingPOMTest" time="20.882"/>
  <system-out><![CDATA[The number of items found in the first page is: 57
]]></system-out>
  <system-err><![CDATA[Starting ChromeDriver 83.0.4103.39 (ccbf011cb2d2b19b506d844400483861342c20cd-refs/branch-heads/4103@{#416}) on port 28908
Only local connections are allowed.
Please see https://chromedriver.chromium.org/security-considerations for suggestions on keeping ChromeDriver safe.
ChromeDriver was started successfully.
[1598370560.097][WARNING]: This version of ChromeDriver has not been tested with Chrome version 84.
Aug 25, 2020 10:49:21 AM org.openqa.selenium.remote.ProtocolHandshake createSession
INFO: Detected dialect: W3C
]]></system-err>
</testsuite>
